[INFO] Scanning for projects...
[INFO] 
[INFO] ---------------------------< com.neuedu:PMF >---------------------------
[INFO] Building PMF 0.0.1-SNAPSHOT
[INFO]   from pom.xml
[INFO] --------------------------------[ jar ]---------------------------------
[INFO] 
[INFO] >>> spring-boot:3.5.4:run (default-cli) > test-compile @ PMF >>>
[INFO] 
[INFO] --- resources:3.3.1:resources (default-resources) @ PMF ---
[INFO] Copying 22 resources from src\main\java to target\classes
[INFO] Copying 1 resource from src\main\resources to target\classes
[INFO] 
[INFO] --- compiler:3.14.0:compile (default-compile) @ PMF ---
[INFO] Nothing to compile - all classes are up to date.
[INFO] 
[INFO] --- resources:3.3.1:testResources (default-testResources) @ PMF ---
[INFO] skip non existing resourceDirectory D:\soft\pmf-wms\PMF_WMS\backend\PMF\src\test\resources
[INFO] 
[INFO] --- compiler:3.14.0:testCompile (default-testCompile) @ PMF ---
[INFO] Nothing to compile - all classes are up to date.
[INFO] 
[INFO] <<< spring-boot:3.5.4:run (default-cli) < test-compile @ PMF <<<
[INFO] 
[INFO] 
[INFO] --- spring-boot:3.5.4:run (default-cli) @ PMF ---
[INFO] Attaching agents: []

  .   ____          _            __ _ _
 /\\ / ___'_ __ _ _(_)_ __  __ _ \ \ \ \
( ( )\___ | '_ | '_| | '_ \/ _` | \ \ \ \
 \\/  ___)| |_)| | | | | || (_| |  ) ) ) )
  '  |____| .__|_| |_|_| |_\__, | / / / /
 =========|_|==============|___/=/_/_/_/

 :: Spring Boot ::                (v3.5.4)

2026-07-14T18:56:52.874+08:00  INFO 53660 --- [           main] com.neuedu.pmf.PmfApplication            : Starting PmfApplication using Java 17.0.10 with PID 53660 (D:\soft\pmf-wms\PMF_WMS\backend\PMF\target\classes started by lenovo in D:\soft\pmf-wms\PMF_WMS\backend\PMF)
2026-07-14T18:56:52.877+08:00  INFO 53660 --- [           main] com.neuedu.pmf.PmfApplication            : No active profile set, falling back to 1 default profile: "default"
2026-07-14T18:56:53.596+08:00 DEBUG 53660 --- [           main] o.m.s.b.a.MybatisAutoConfiguration       : Searching for mappers annotated with @Mapper
2026-07-14T18:56:53.596+08:00 DEBUG 53660 --- [           main] o.m.s.b.a.MybatisAutoConfiguration       : Using auto-configuration base package 'com.neuedu.pmf'
2026-07-14T18:56:53.688+08:00  INFO 53660 --- [           main] .s.d.r.c.RepositoryConfigurationDelegate : Multiple Spring Data modules found, entering strict repository configuration mode
2026-07-14T18:56:53.690+08:00  INFO 53660 --- [           main] .s.d.r.c.RepositoryConfigurationDelegate : Bootstrapping Spring Data Redis repositories in DEFAULT mode.
2026-07-14T18:56:53.722+08:00  INFO 53660 --- [           main] .s.d.r.c.RepositoryConfigurationDelegate : Finished Spring Data repository scanning in 19 ms. Found 0 Redis repository interfaces.
2026-07-14T18:56:53.811+08:00 DEBUG 53660 --- [           main] org.apache.ibatis.logging.LogFactory     : Logging initialized using 'class org.apache.ibatis.logging.slf4j.Slf4jImpl' adapter.
2026-07-14T18:56:53.818+08:00 DEBUG 53660 --- [           main] o.m.s.mapper.ClassPathMapperScanner      : Identified candidate component class: file [D:\soft\pmf-wms\PMF_WMS\backend\PMF\target\classes\com\neuedu\pmf\mapper\AdjustmentOrderDetailMapper.class]
2026-07-14T18:56:53.818+08:00 DEBUG 53660 --- [           main] o.m.s.mapper.ClassPathMapperScanner      : Identified candidate component class: file [D:\soft\pmf-wms\PMF_WMS\backend\PMF\target\classes\com\neuedu\pmf\mapper\AdjustmentOrderHeadMapper.class]
2026-07-14T18:56:53.818+08:00 DEBUG 53660 --- [           main] o.m.s.mapper.ClassPathMapperScanner      : Identified candidate component class: file [D:\soft\pmf-wms\PMF_WMS\backend\PMF\target\classes\com\neuedu\pmf\mapper\BatchMapper.class]
2026-07-14T18:56:53.818+08:00 DEBUG 53660 --- [           main] o.m.s.mapper.ClassPathMapperScanner      : Identified candidate component class: file [D:\soft\pmf-wms\PMF_WMS\backend\PMF\target\classes\com\neuedu\pmf\mapper\DefectiveHandlingDetailMapper.class]
2026-07-14T18:56:53.818+08:00 DEBUG 53660 --- [           main] o.m.s.mapper.ClassPathMapperScanner      : Identified candidate component class: file [D:\soft\pmf-wms\PMF_WMS\backend\PMF\target\classes\com\neuedu\pmf\mapper\DefectiveHandlingHeadMapper.class]
2026-07-14T18:56:53.818+08:00 DEBUG 53660 --- [           main] o.m.s.mapper.ClassPathMapperScanner      : Identified candidate component class: file [D:\soft\pmf-wms\PMF_WMS\backend\PMF\target\classes\com\neuedu\pmf\mapper\GoodsMapper.class]
2026-07-14T18:56:53.819+08:00 DEBUG 53660 --- [           main] o.m.s.mapper.ClassPathMapperScanner      : Identified candidate component class: file [D:\soft\pmf-wms\PMF_WMS\backend\PMF\target\classes\com\neuedu\pmf\mapper\InboundOrderDetailMapper.class]
2026-07-14T18:56:53.819+08:00 DEBUG 53660 --- [           main] o.m.s.mapper.ClassPathMapperScanner      : Identified candidate component class: file [D:\soft\pmf-wms\PMF_WMS\backend\PMF\target\classes\com\neuedu\pmf\mapper\InboundOrderHeadMapper.class]
2026-07-14T18:56:53.819+08:00 DEBUG 53660 --- [           main] o.m.s.mapper.ClassPathMapperScanner      : Identified candidate component class: file [D:\soft\pmf-wms\PMF_WMS\backend\PMF\target\classes\com\neuedu\pmf\mapper\InventoryCheckDetailMapper.class]
2026-07-14T18:56:53.819+08:00 DEBUG 53660 --- [           main] o.m.s.mapper.ClassPathMapperScanner      : Identified candidate component class: file [D:\soft\pmf-wms\PMF_WMS\backend\PMF\target\classes\com\neuedu\pmf\mapper\InventoryCheckHeadMapper.class]
2026-07-14T18:56:53.819+08:00 DEBUG 53660 --- [           main] o.m.s.mapper.ClassPathMapperScanner      : Identified candidate component class: file [D:\soft\pmf-wms\PMF_WMS\backend\PMF\target\classes\com\neuedu\pmf\mapper\InventoryMapper.class]
2026-07-14T18:56:53.819+08:00 DEBUG 53660 --- [           main] o.m.s.mapper.ClassPathMapperScanner      : Identified candidate component class: file [D:\soft\pmf-wms\PMF_WMS\backend\PMF\target\classes\com\neuedu\pmf\mapper\LocationMapper.class]
2026-07-14T18:56:53.819+08:00 DEBUG 53660 --- [           main] o.m.s.mapper.ClassPathMapperScanner      : Identified candidate component class: file [D:\soft\pmf-wms\PMF_WMS\backend\PMF\target\classes\com\neuedu\pmf\mapper\OperationLogMapper.class]
2026-07-14T18:56:53.819+08:00 DEBUG 53660 --- [           main] o.m.s.mapper.ClassPathMapperScanner      : Identified candidate component class: file [D:\soft\pmf-wms\PMF_WMS\backend\PMF\target\classes\com\neuedu\pmf\mapper\OutboundOrderDetailMapper.class]
2026-07-14T18:56:53.819+08:00 DEBUG 53660 --- [           main] o.m.s.mapper.ClassPathMapperScanner      : Identified candidate component class: file [D:\soft\pmf-wms\PMF_WMS\backend\PMF\target\classes\com\neuedu\pmf\mapper\OutboundOrderHeadMapper.class]
2026-07-14T18:56:53.819+08:00 DEBUG 53660 --- [           main] o.m.s.mapper.ClassPathMapperScanner      : Identified candidate component class: file [D:\soft\pmf-wms\PMF_WMS\backend\PMF\target\classes\com\neuedu\pmf\mapper\QualityCheckDetailMapper.class]
2026-07-14T18:56:53.819+08:00 DEBUG 53660 --- [           main] o.m.s.mapper.ClassPathMapperScanner      : Identified candidate component class: file [D:\soft\pmf-wms\PMF_WMS\backend\PMF\target\classes\com\neuedu\pmf\mapper\QualityCheckHeadMapper.class]
2026-07-14T18:56:53.819+08:00 DEBUG 53660 --- [           main] o.m.s.mapper.ClassPathMapperScanner      : Identified candidate component class: file [D:\soft\pmf-wms\PMF_WMS\backend\PMF\target\classes\com\neuedu\pmf\mapper\TemperatureHumidityRecordMapper.class]
2026-07-14T18:56:53.819+08:00 DEBUG 53660 --- [           main] o.m.s.mapper.ClassPathMapperScanner      : Identified candidate component class: file [D:\soft\pmf-wms\PMF_WMS\backend\PMF\target\classes\com\neuedu\pmf\mapper\UserMapper.class]
2026-07-14T18:56:53.819+08:00 DEBUG 53660 --- [           main] o.m.s.mapper.ClassPathMapperScanner      : Identified candidate component class: file [D:\soft\pmf-wms\PMF_WMS\backend\PMF\target\classes\com\neuedu\pmf\mapper\WarehouseMapper.class]
2026-07-14T18:56:53.819+08:00 DEBUG 53660 --- [           main] o.m.s.mapper.ClassPathMapperScanner      : Identified candidate component class: file [D:\soft\pmf-wms\PMF_WMS\backend\PMF\target\classes\com\neuedu\pmf\mapper\WorkTaskMapper.class]
2026-07-14T18:56:53.819+08:00 DEBUG 53660 --- [           main] o.m.s.mapper.ClassPathMapperScanner      : Identified candidate component class: file [D:\soft\pmf-wms\PMF_WMS\backend\PMF\target\classes\com\neuedu\pmf\mapper\ZoneMapper.class]
2026-07-14T18:56:53.822+08:00 DEBUG 53660 --- [           main] o.m.s.mapper.ClassPathMapperScanner      : Creating MapperFactoryBean with name 'adjustmentOrderDetailMapper' and 'com.neuedu.pmf.mapper.AdjustmentOrderDetailMapper' mapperInterface
2026-07-14T18:56:53.823+08:00 DEBUG 53660 --- [           main] o.m.s.mapper.ClassPathMapperScanner      : Creating MapperFactoryBean with name 'adjustmentOrderHeadMapper' and 'com.neuedu.pmf.mapper.AdjustmentOrderHeadMapper' mapperInterface
2026-07-14T18:56:53.824+08:00 DEBUG 53660 --- [           main] o.m.s.mapper.ClassPathMapperScanner      : Creating MapperFactoryBean with name 'batchMapper' and 'com.neuedu.pmf.mapper.BatchMapper' mapperInterface
2026-07-14T18:56:53.824+08:00 DEBUG 53660 --- [           main] o.m.s.mapper.ClassPathMapperScanner      : Creating MapperFactoryBean with name 'defectiveHandlingDetailMapper' and 'com.neuedu.pmf.mapper.DefectiveHandlingDetailMapper' mapperInterface
2026-07-14T18:56:53.825+08:00 DEBUG 53660 --- [           main] o.m.s.mapper.ClassPathMapperScanner      : Creating MapperFactoryBean with name 'defectiveHandlingHeadMapper' and 'com.neuedu.pmf.mapper.DefectiveHandlingHeadMapper' mapperInterface
2026-07-14T18:56:53.825+08:00 DEBUG 53660 --- [           main] o.m.s.mapper.ClassPathMapperScanner      : Creating MapperFactoryBean with name 'goodsMapper' and 'com.neuedu.pmf.mapper.GoodsMapper' mapperInterface
2026-07-14T18:56:53.825+08:00 DEBUG 53660 --- [           main] o.m.s.mapper.ClassPathMapperScanner      : Creating MapperFactoryBean with name 'inboundOrderDetailMapper' and 'com.neuedu.pmf.mapper.InboundOrderDetailMapper' mapperInterface
2026-07-14T18:56:53.825+08:00 DEBUG 53660 --- [           main] o.m.s.mapper.ClassPathMapperScanner      : Creating MapperFactoryBean with name 'inboundOrderHeadMapper' and 'com.neuedu.pmf.mapper.InboundOrderHeadMapper' mapperInterface
2026-07-14T18:56:53.826+08:00 DEBUG 53660 --- [           main] o.m.s.mapper.ClassPathMapperScanner      : Creating MapperFactoryBean with name 'inventoryCheckDetailMapper' and 'com.neuedu.pmf.mapper.InventoryCheckDetailMapper' mapperInterface
2026-07-14T18:56:53.826+08:00 DEBUG 53660 --- [           main] o.m.s.mapper.ClassPathMapperScanner      : Creating MapperFactoryBean with name 'inventoryCheckHeadMapper' and 'com.neuedu.pmf.mapper.InventoryCheckHeadMapper' mapperInterface
2026-07-14T18:56:53.826+08:00 DEBUG 53660 --- [           main] o.m.s.mapper.ClassPathMapperScanner      : Creating MapperFactoryBean with name 'inventoryMapper' and 'com.neuedu.pmf.mapper.InventoryMapper' mapperInterface
2026-07-14T18:56:53.827+08:00 DEBUG 53660 --- [           main] o.m.s.mapper.ClassPathMapperScanner      : Creating MapperFactoryBean with name 'locationMapper' and 'com.neuedu.pmf.mapper.LocationMapper' mapperInterface
2026-07-14T18:56:53.827+08:00 DEBUG 53660 --- [           main] o.m.s.mapper.ClassPathMapperScanner      : Creating MapperFactoryBean with name 'operationLogMapper' and 'com.neuedu.pmf.mapper.OperationLogMapper' mapperInterface
2026-07-14T18:56:53.828+08:00 DEBUG 53660 --- [           main] o.m.s.mapper.ClassPathMapperScanner      : Creating MapperFactoryBean with name 'outboundOrderDetailMapper' and 'com.neuedu.pmf.mapper.OutboundOrderDetailMapper' mapperInterface
2026-07-14T18:56:53.828+08:00 DEBUG 53660 --- [           main] o.m.s.mapper.ClassPathMapperScanner      : Creating MapperFactoryBean with name 'outboundOrderHeadMapper' and 'com.neuedu.pmf.mapper.OutboundOrderHeadMapper' mapperInterface
2026-07-14T18:56:53.829+08:00 DEBUG 53660 --- [           main] o.m.s.mapper.ClassPathMapperScanner      : Creating MapperFactoryBean with name 'qualityCheckDetailMapper' and 'com.neuedu.pmf.mapper.QualityCheckDetailMapper' mapperInterface
2026-07-14T18:56:53.829+08:00 DEBUG 53660 --- [           main] o.m.s.mapper.ClassPathMapperScanner      : Creating MapperFactoryBean with name 'qualityCheckHeadMapper' and 'com.neuedu.pmf.mapper.QualityCheckHeadMapper' mapperInterface
2026-07-14T18:56:53.830+08:00 DEBUG 53660 --- [           main] o.m.s.mapper.ClassPathMapperScanner      : Creating MapperFactoryBean with name 'temperatureHumidityRecordMapper' and 'com.neuedu.pmf.mapper.TemperatureHumidityRecordMapper' mapperInterface
2026-07-14T18:56:53.830+08:00 DEBUG 53660 --- [           main] o.m.s.mapper.ClassPathMapperScanner      : Creating MapperFactoryBean with name 'userMapper' and 'com.neuedu.pmf.mapper.UserMapper' mapperInterface
2026-07-14T18:56:53.831+08:00 DEBUG 53660 --- [           main] o.m.s.mapper.ClassPathMapperScanner      : Creating MapperFactoryBean with name 'warehouseMapper' and 'com.neuedu.pmf.mapper.WarehouseMapper' mapperInterface
2026-07-14T18:56:53.831+08:00 DEBUG 53660 --- [           main] o.m.s.mapper.ClassPathMapperScanner      : Creating MapperFactoryBean with name 'workTaskMapper' and 'com.neuedu.pmf.mapper.WorkTaskMapper' mapperInterface
2026-07-14T18:56:53.831+08:00 DEBUG 53660 --- [           main] o.m.s.mapper.ClassPathMapperScanner      : Creating MapperFactoryBean with name 'zoneMapper' and 'com.neuedu.pmf.mapper.ZoneMapper' mapperInterface
2026-07-14T18:56:54.269+08:00  INFO 53660 --- [           main] o.s.b.w.embedded.tomcat.TomcatWebServer  : Tomcat initialized with port 8088 (http)
2026-07-14T18:56:54.280+08:00  INFO 53660 --- [           main] o.apache.catalina.core.StandardService   : Starting service [Tomcat]
2026-07-14T18:56:54.280+08:00  INFO 53660 --- [           main] o.apache.catalina.core.StandardEngine    : Starting Servlet engine: [Apache Tomcat/10.1.43]
2026-07-14T18:56:54.366+08:00  INFO 53660 --- [           main] o.a.c.c.C.[Tomcat].[localhost].[/]       : Initializing Spring embedded WebApplicationContext
2026-07-14T18:56:54.367+08:00  INFO 53660 --- [           main] w.s.c.ServletWebServerApplicationContext : Root WebApplicationContext: initialization completed in 1452 ms
Logging initialized using 'class org.apache.ibatis.logging.stdout.StdOutImpl' adapter.
2026-07-14T18:56:54.649+08:00 DEBUG 53660 --- [           main] o.mybatis.spring.SqlSessionFactoryBean   : Parsed mapper file: 'file [D:\soft\pmf-wms\PMF_WMS\backend\PMF\target\classes\com\neuedu\pmf\mapper\AdjustmentOrderDetailMapper.xml]'
2026-07-14T18:56:54.661+08:00 DEBUG 53660 --- [           main] o.mybatis.spring.SqlSessionFactoryBean   : Parsed mapper file: 'file [D:\soft\pmf-wms\PMF_WMS\backend\PMF\target\classes\com\neuedu\pmf\mapper\AdjustmentOrderHeadMapper.xml]'
2026-07-14T18:56:54.675+08:00 DEBUG 53660 --- [           main] o.mybatis.spring.SqlSessionFactoryBean   : Parsed mapper file: 'file [D:\soft\pmf-wms\PMF_WMS\backend\PMF\target\classes\com\neuedu\pmf\mapper\BatchMapper.xml]'
2026-07-14T18:56:54.685+08:00 DEBUG 53660 --- [           main] o.mybatis.spring.SqlSessionFactoryBean   : Parsed mapper file: 'file [D:\soft\pmf-wms\PMF_WMS\backend\PMF\target\classes\com\neuedu\pmf\mapper\DefectiveHandlingDetailMapper.xml]'
2026-07-14T18:56:54.696+08:00 DEBUG 53660 --- [           main] o.mybatis.spring.SqlSessionFactoryBean   : Parsed mapper file: 'file [D:\soft\pmf-wms\PMF_WMS\backend\PMF\target\classes\com\neuedu\pmf\mapper\DefectiveHandlingHeadMapper.xml]'
2026-07-14T18:56:54.703+08:00 DEBUG 53660 --- [           main] o.mybatis.spring.SqlSessionFactoryBean   : Parsed mapper file: 'file [D:\soft\pmf-wms\PMF_WMS\backend\PMF\target\classes\com\neuedu\pmf\mapper\GoodsMapper.xml]'
2026-07-14T18:56:54.711+08:00 DEBUG 53660 --- [           main] o.mybatis.spring.SqlSessionFactoryBean   : Parsed mapper file: 'file [D:\soft\pmf-wms\PMF_WMS\backend\PMF\target\classes\com\neuedu\pmf\mapper\InboundOrderDetailMapper.xml]'
2026-07-14T18:56:54.719+08:00 DEBUG 53660 --- [           main] o.mybatis.spring.SqlSessionFactoryBean   : Parsed mapper file: 'file [D:\soft\pmf-wms\PMF_WMS\backend\PMF\target\classes\com\neuedu\pmf\mapper\InboundOrderHeadMapper.xml]'
2026-07-14T18:56:54.727+08:00 DEBUG 53660 --- [           main] o.mybatis.spring.SqlSessionFactoryBean   : Parsed mapper file: 'file [D:\soft\pmf-wms\PMF_WMS\backend\PMF\target\classes\com\neuedu\pmf\mapper\InventoryCheckDetailMapper.xml]'
2026-07-14T18:56:54.733+08:00 DEBUG 53660 --- [           main] o.mybatis.spring.SqlSessionFactoryBean   : Parsed mapper file: 'file [D:\soft\pmf-wms\PMF_WMS\backend\PMF\target\classes\com\neuedu\pmf\mapper\InventoryCheckHeadMapper.xml]'
2026-07-14T18:56:54.744+08:00 DEBUG 53660 --- [           main] o.mybatis.spring.SqlSessionFactoryBean   : Parsed mapper file: 'file [D:\soft\pmf-wms\PMF_WMS\backend\PMF\target\classes\com\neuedu\pmf\mapper\InventoryMapper.xml]'
2026-07-14T18:56:54.760+08:00 DEBUG 53660 --- [           main] o.mybatis.spring.SqlSessionFactoryBean   : Parsed mapper file: 'file [D:\soft\pmf-wms\PMF_WMS\backend\PMF\target\classes\com\neuedu\pmf\mapper\LocationMapper.xml]'
2026-07-14T18:56:54.766+08:00 DEBUG 53660 --- [           main] o.mybatis.spring.SqlSessionFactoryBean   : Parsed mapper file: 'file [D:\soft\pmf-wms\PMF_WMS\backend\PMF\target\classes\com\neuedu\pmf\mapper\OperationLogMapper.xml]'
2026-07-14T18:56:54.771+08:00 DEBUG 53660 --- [           main] o.mybatis.spring.SqlSessionFactoryBean   : Parsed mapper file: 'file [D:\soft\pmf-wms\PMF_WMS\backend\PMF\target\classes\com\neuedu\pmf\mapper\OutboundOrderDetailMapper.xml]'
2026-07-14T18:56:54.778+08:00 DEBUG 53660 --- [           main] o.mybatis.spring.SqlSessionFactoryBean   : Parsed mapper file: 'file [D:\soft\pmf-wms\PMF_WMS\backend\PMF\target\classes\com\neuedu\pmf\mapper\OutboundOrderHeadMapper.xml]'
2026-07-14T18:56:54.784+08:00 DEBUG 53660 --- [           main] o.mybatis.spring.SqlSessionFactoryBean   : Parsed mapper file: 'file [D:\soft\pmf-wms\PMF_WMS\backend\PMF\target\classes\com\neuedu\pmf\mapper\QualityCheckDetailMapper.xml]'
2026-07-14T18:56:54.789+08:00 DEBUG 53660 --- [           main] o.mybatis.spring.SqlSessionFactoryBean   : Parsed mapper file: 'file [D:\soft\pmf-wms\PMF_WMS\backend\PMF\target\classes\com\neuedu\pmf\mapper\QualityCheckHeadMapper.xml]'
2026-07-14T18:56:54.794+08:00 DEBUG 53660 --- [           main] o.mybatis.spring.SqlSessionFactoryBean   : Parsed mapper file: 'file [D:\soft\pmf-wms\PMF_WMS\backend\PMF\target\classes\com\neuedu\pmf\mapper\TemperatureHumidityRecordMapper.xml]'
2026-07-14T18:56:54.800+08:00 DEBUG 53660 --- [           main] o.mybatis.spring.SqlSessionFactoryBean   : Parsed mapper file: 'file [D:\soft\pmf-wms\PMF_WMS\backend\PMF\target\classes\com\neuedu\pmf\mapper\UserMapper.xml]'
2026-07-14T18:56:54.805+08:00 DEBUG 53660 --- [           main] o.mybatis.spring.SqlSessionFactoryBean   : Parsed mapper file: 'file [D:\soft\pmf-wms\PMF_WMS\backend\PMF\target\classes\com\neuedu\pmf\mapper\WarehouseMapper.xml]'
2026-07-14T18:56:54.809+08:00 DEBUG 53660 --- [           main] o.mybatis.spring.SqlSessionFactoryBean   : Parsed mapper file: 'file [D:\soft\pmf-wms\PMF_WMS\backend\PMF\target\classes\com\neuedu\pmf\mapper\WorkTaskMapper.xml]'
2026-07-14T18:56:54.816+08:00 DEBUG 53660 --- [           main] o.mybatis.spring.SqlSessionFactoryBean   : Parsed mapper file: 'file [D:\soft\pmf-wms\PMF_WMS\backend\PMF\target\classes\com\neuedu\pmf\mapper\ZoneMapper.xml]'
2026-07-14T18:56:55.727+08:00 DEBUG 53660 --- [           main] o.m.s.b.a.MybatisAutoConfiguration       : Not found configuration for registering mapper bean using @MapperScan, MapperFactoryBean and MapperScannerConfigurer.


,------.                           ,--.  ,--.         ,--.                         
|  .--. '  ,--,--.  ,---.   ,---.  |  '--'  |  ,---.  |  |  ,---.   ,---.  ,--.--. 
|  '--' | ' ,-.  | | .-. | | .-. : |  .--.  | | .-. : |  | | .-. | | .-. : |  .--' 
|  | --'  \ '-'  | ' '-' ' \   --. |  |  |  | \   --. |  | | '-' ' \   --. |  |    
`--'       `--`--' .`-  /   `----' `--'  `--'  `----' `--' |  |-'   `----' `--'    
                   `---'                                   `--'                        is intercepting.

2026-07-14T18:56:55.928+08:00  INFO 53660 --- [           main] o.s.b.w.embedded.tomcat.TomcatWebServer  : Tomcat started on port 8088 (http) with context path '/'
2026-07-14T18:56:55.939+08:00  INFO 53660 --- [           main] com.neuedu.pmf.PmfApplication            : Started PmfApplication in 3.494 seconds (process running for 3.924)
2026-07-14T18:57:06.074+08:00  INFO 53660 --- [0.0-8088-exec-1] o.a.c.c.C.[Tomcat].[localhost].[/]       : Initializing Spring DispatcherServlet 'dispatcherServlet'
2026-07-14T18:57:06.074+08:00  INFO 53660 --- [0.0-8088-exec-1] o.s.web.servlet.DispatcherServlet        : Initializing Servlet 'dispatcherServlet'
2026-07-14T18:57:06.075+08:00  INFO 53660 --- [0.0-8088-exec-1] o.s.web.servlet.DispatcherServlet        : Completed initialization in 1 ms
Creating a new SqlSession
SqlSession [org.apache.ibatis.session.defaults.DefaultSqlSession@6f996da6] was not registered for synchronization because synchronization is not active
2026-07-14T18:57:06.114+08:00  INFO 53660 --- [0.0-8088-exec-1] com.zaxxer.hikari.HikariDataSource       : HikariPool-1 - Starting...
Closing non transactional SqlSession [org.apache.ibatis.session.defaults.DefaultSqlSession@6f996da6]
2026-07-14T18:57:07.246+08:00 ERROR 53660 --- [0.0-8088-exec-1] c.n.pmf.common.GlobalExceptionHandler    : ĎµÍłŇěłŁ

org.mybatis.spring.MyBatisSystemException: 
### Error querying database.  Cause: org.springframework.jdbc.CannotGetJdbcConnectionException: Failed to obtain JDBC Connection
### The error may exist in file [D:\soft\pmf-wms\PMF_WMS\backend\PMF\target\classes\com\neuedu\pmf\mapper\UserMapper.xml]
### The error may involve com.neuedu.pmf.mapper.UserMapper.findByUsername
### The error occurred while executing a query
### Cause: org.springframework.jdbc.CannotGetJdbcConnectionException: Failed to obtain JDBC Connection
	at org.mybatis.spring.MyBatisExceptionTranslator.translateExceptionIfPossible(MyBatisExceptionTranslator.java:101) ~[mybatis-spring-3.0.5.jar:3.0.5]
	at org.mybatis.spring.SqlSessionTemplate$SqlSessionInterceptor.invoke(SqlSessionTemplate.java:347) ~[mybatis-spring-3.0.5.jar:3.0.5]
	at jdk.proxy2/jdk.proxy2.$Proxy85.selectOne(Unknown Source) ~[na:na]
	at org.mybatis.spring.SqlSessionTemplate.selectOne(SqlSessionTemplate.java:154) ~[mybatis-spring-3.0.5.jar:3.0.5]
	at org.apache.ibatis.binding.MapperMethod.execute(MapperMethod.java:87) ~[mybatis-3.5.19.jar:3.5.19]
	at org.apache.ibatis.binding.MapperProxy$PlainMethodInvoker.invoke(MapperProxy.java:141) ~[mybatis-3.5.19.jar:3.5.19]
	at org.apache.ibatis.binding.MapperProxy.invoke(MapperProxy.java:86) ~[mybatis-3.5.19.jar:3.5.19]
	at jdk.proxy2/jdk.proxy2.$Proxy97.findByUsername(Unknown Source) ~[na:na]
	at com.neuedu.pmf.service.impl.AuthServiceImpl.login(AuthServiceImpl.java:25) ~[classes/:na]
	at com.neuedu.pmf.controller.AuthController.login(AuthController.java:25) ~[classes/:na]
	at java.base/jdk.internal.reflect.NativeMethodAccessorImpl.invoke0(Native Method) ~[na:na]
	at java.base/jdk.internal.reflect.NativeMethodAccessorImpl.invoke(NativeMethodAccessorImpl.java:77) ~[na:na]
	at java.base/jdk.internal.reflect.DelegatingMethodAccessorImpl.invoke(DelegatingMethodAccessorImpl.java:43) ~[na:na]
	at java.base/java.lang.reflect.Method.invoke(Method.java:568) ~[na:na]
	at org.springframework.web.method.support.InvocableHandlerMethod.doInvoke(InvocableHandlerMethod.java:258) ~[spring-web-6.2.9.jar:6.2.9]
	at org.springframework.web.method.support.InvocableHandlerMethod.invokeForRequest(InvocableHandlerMethod.java:191) ~[spring-web-6.2.9.jar:6.2.9]
	at org.springframework.web.servlet.mvc.method.annotation.ServletInvocableHandlerMethod.invokeAndHandle(ServletInvocableHandlerMethod.java:118) ~[spring-webmvc-6.2.9.jar:6.2.9]
	at org.springframework.web.servlet.mvc.method.annotation.RequestMappingHandlerAdapter.invokeHandlerMethod(RequestMappingHandlerAdapter.java:991) ~[spring-webmvc-6.2.9.jar:6.2.9]
	at org.springframework.web.servlet.mvc.method.annotation.RequestMappingHandlerAdapter.handleInternal(RequestMappingHandlerAdapter.java:896) ~[spring-webmvc-6.2.9.jar:6.2.9]
	at org.springframework.web.servlet.mvc.method.AbstractHandlerMethodAdapter.handle(AbstractHandlerMethodAdapter.java:87) ~[spring-webmvc-6.2.9.jar:6.2.9]
	at org.springframework.web.servlet.DispatcherServlet.doDispatch(DispatcherServlet.java:1089) ~[spring-webmvc-6.2.9.jar:6.2.9]
	at org.springframework.web.servlet.DispatcherServlet.doService(DispatcherServlet.java:979) ~[spring-webmvc-6.2.9.jar:6.2.9]
	at org.springframework.web.servlet.FrameworkServlet.processRequest(FrameworkServlet.java:1014) ~[spring-webmvc-6.2.9.jar:6.2.9]
	at org.springframework.web.servlet.FrameworkServlet.doGet(FrameworkServlet.java:903) ~[spring-webmvc-6.2.9.jar:6.2.9]
	at jakarta.servlet.http.HttpServlet.service(HttpServlet.java:564) ~[tomcat-embed-core-10.1.43.jar:6.0]
	at org.springframework.web.servlet.FrameworkServlet.service(FrameworkServlet.java:885) ~[spring-webmvc-6.2.9.jar:6.2.9]
	at jakarta.servlet.http.HttpServlet.service(HttpServlet.java:658) ~[tomcat-embed-core-10.1.43.jar:6.0]
	at org.apache.catalina.core.ApplicationFilterChain.internalDoFilter(ApplicationFilterChain.java:195) ~[tomcat-embed-core-10.1.43.jar:10.1.43]
	at org.apache.catalina.core.ApplicationFilterChain.doFilter(ApplicationFilterChain.java:140) ~[tomcat-embed-core-10.1.43.jar:10.1.43]
	at org.apache.tomcat.websocket.server.WsFilter.doFilter(WsFilter.java:51) ~[tomcat-embed-websocket-10.1.43.jar:10.1.43]
	at org.apache.catalina.core.ApplicationFilterChain.internalDoFilter(ApplicationFilterChain.java:164) ~[tomcat-embed-core-10.1.43.jar:10.1.43]
	at org.apache.catalina.core.ApplicationFilterChain.doFilter(ApplicationFilterChain.java:140) ~[tomcat-embed-core-10.1.43.jar:10.1.43]
	at com.neuedu.pmf.filter.JwtAuthenticationFilter.doFilterInternal(JwtAuthenticationFilter.java:65) ~[classes/:na]
	at org.springframework.web.filter.OncePerRequestFilter.doFilter(OncePerRequestFilter.java:116) ~[spring-web-6.2.9.jar:6.2.9]
	at org.apache.catalina.core.ApplicationFilterChain.internalDoFilter(ApplicationFilterChain.java:164) ~[tomcat-embed-core-10.1.43.jar:10.1.43]
	at org.apache.catalina.core.ApplicationFilterChain.doFilter(ApplicationFilterChain.java:140) ~[tomcat-embed-core-10.1.43.jar:10.1.43]
	at org.springframework.web.filter.RequestContextFilter.doFilterInternal(RequestContextFilter.java:100) ~[spring-web-6.2.9.jar:6.2.9]
	at org.springframework.web.filter.OncePerRequestFilter.doFilter(OncePerRequestFilter.java:116) ~[spring-web-6.2.9.jar:6.2.9]
	at org.apache.catalina.core.ApplicationFilterChain.internalDoFilter(ApplicationFilterChain.java:164) ~[tomcat-embed-core-10.1.43.jar:10.1.43]
	at org.apache.catalina.core.ApplicationFilterChain.doFilter(ApplicationFilterChain.java:140) ~[tomcat-embed-core-10.1.43.jar:10.1.43]
	at org.springframework.web.filter.FormContentFilter.doFilterInternal(FormContentFilter.java:93) ~[spring-web-6.2.9.jar:6.2.9]
	at org.springframework.web.filter.OncePerRequestFilter.doFilter(OncePerRequestFilter.java:116) ~[spring-web-6.2.9.jar:6.2.9]
	at org.apache.catalina.core.ApplicationFilterChain.internalDoFilter(ApplicationFilterChain.java:164) ~[tomcat-embed-core-10.1.43.jar:10.1.43]
	at org.apache.catalina.core.ApplicationFilterChain.doFilter(ApplicationFilterChain.java:140) ~[tomcat-embed-core-10.1.43.jar:10.1.43]
	at org.springframework.web.filter.CharacterEncodingFilter.doFilterInternal(CharacterEncodingFilter.java:201) ~[spring-web-6.2.9.jar:6.2.9]
	at org.springframework.web.filter.OncePerRequestFilter.doFilter(OncePerRequestFilter.java:116) ~[spring-web-6.2.9.jar:6.2.9]
	at org.apache.catalina.core.ApplicationFilterChain.internalDoFilter(ApplicationFilterChain.java:164) ~[tomcat-embed-core-10.1.43.jar:10.1.43]
	at org.apache.catalina.core.ApplicationFilterChain.doFilter(ApplicationFilterChain.java:140) ~[tomcat-embed-core-10.1.43.jar:10.1.43]
	at org.springframework.web.filter.CorsFilter.doFilterInternal(CorsFilter.java:91) ~[spring-web-6.2.9.jar:6.2.9]
	at org.springframework.web.filter.OncePerRequestFilter.doFilter(OncePerRequestFilter.java:116) ~[spring-web-6.2.9.jar:6.2.9]
	at org.apache.catalina.core.ApplicationFilterChain.internalDoFilter(ApplicationFilterChain.java:164) ~[tomcat-embed-core-10.1.43.jar:10.1.43]
	at org.apache.catalina.core.ApplicationFilterChain.doFilter(ApplicationFilterChain.java:140) ~[tomcat-embed-core-10.1.43.jar:10.1.43]
	at org.apache.catalina.core.StandardWrapperValve.invoke(StandardWrapperValve.java:167) ~[tomcat-embed-core-10.1.43.jar:10.1.43]
	at org.apache.catalina.core.StandardContextValve.invoke(StandardContextValve.java:90) ~[tomcat-embed-core-10.1.43.jar:10.1.43]
	at org.apache.catalina.authenticator.AuthenticatorBase.invoke(AuthenticatorBase.java:483) ~[tomcat-embed-core-10.1.43.jar:10.1.43]
	at org.apache.catalina.core.StandardHostValve.invoke(StandardHostValve.java:116) ~[tomcat-embed-core-10.1.43.jar:10.1.43]
	at org.apache.catalina.valves.ErrorReportValve.invoke(ErrorReportValve.java:93) ~[tomcat-embed-core-10.1.43.jar:10.1.43]
	at org.apache.catalina.core.StandardEngineValve.invoke(StandardEngineValve.java:74) ~[tomcat-embed-core-10.1.43.jar:10.1.43]
	at org.apache.catalina.connector.CoyoteAdapter.service(CoyoteAdapter.java:344) ~[tomcat-embed-core-10.1.43.jar:10.1.43]
	at org.apache.coyote.http11.Http11Processor.service(Http11Processor.java:398) ~[tomcat-embed-core-10.1.43.jar:10.1.43]
	at org.apache.coyote.AbstractProcessorLight.process(AbstractProcessorLight.java:63) ~[tomcat-embed-core-10.1.43.jar:10.1.43]
	at org.apache.coyote.AbstractProtocol$ConnectionHandler.process(AbstractProtocol.java:903) ~[tomcat-embed-core-10.1.43.jar:10.1.43]
	at org.apache.tomcat.util.net.NioEndpoint$SocketProcessor.doRun(NioEndpoint.java:1769) ~[tomcat-embed-core-10.1.43.jar:10.1.43]
	at org.apache.tomcat.util.net.SocketProcessorBase.run(SocketProcessorBase.java:52) ~[tomcat-embed-core-10.1.43.jar:10.1.43]
	at org.apache.tomcat.util.threads.ThreadPoolExecutor.runWorker(ThreadPoolExecutor.java:1189) ~[tomcat-embed-core-10.1.43.jar:10.1.43]
	at org.apache.tomcat.util.threads.ThreadPoolExecutor$Worker.run(ThreadPoolExecutor.java:658) ~[tomcat-embed-core-10.1.43.jar:10.1.43]
	at org.apache.tomcat.util.threads.TaskThread$WrappingRunnable.run(TaskThread.java:63) ~[tomcat-embed-core-10.1.43.jar:10.1.43]
	at java.base/java.lang.Thread.run(Thread.java:842) ~[na:na]
Caused by: org.apache.ibatis.exceptions.PersistenceException: 
### Error querying database.  Cause: org.springframework.jdbc.CannotGetJdbcConnectionException: Failed to obtain JDBC Connection
### The error may exist in file [D:\soft\pmf-wms\PMF_WMS\backend\PMF\target\classes\com\neuedu\pmf\mapper\UserMapper.xml]
### The error may involve com.neuedu.pmf.mapper.UserMapper.findByUsername
### The error occurred while executing a query
### Cause: org.springframework.jdbc.CannotGetJdbcConnectionException: Failed to obtain JDBC Connection
	at org.apache.ibatis.exceptions.ExceptionFactory.wrapException(ExceptionFactory.java:30) ~[mybatis-3.5.19.jar:3.5.19]
	at org.apache.ibatis.session.defaults.DefaultSqlSession.selectList(DefaultSqlSession.java:156) ~[mybatis-3.5.19.jar:3.5.19]
	at org.apache.ibatis.session.defaults.DefaultSqlSession.selectList(DefaultSqlSession.java:147) ~[mybatis-3.5.19.jar:3.5.19]
	at org.apache.ibatis.session.defaults.DefaultSqlSession.selectList(DefaultSqlSession.java:142) ~[mybatis-3.5.19.jar:3.5.19]
	at org.apache.ibatis.session.defaults.DefaultSqlSession.selectOne(DefaultSqlSession.java:75) ~[mybatis-3.5.19.jar:3.5.19]
	at java.base/jdk.internal.reflect.NativeMethodAccessorImpl.invoke0(Native Method) ~[na:na]
	at java.base/jdk.internal.reflect.NativeMethodAccessorImpl.invoke(NativeMethodAccessorImpl.java:77) ~[na:na]
	at java.base/jdk.internal.reflect.DelegatingMethodAccessorImpl.invoke(DelegatingMethodAccessorImpl.java:43) ~[na:na]
	at java.base/java.lang.reflect.Method.invoke(Method.java:568) ~[na:na]
	at org.mybatis.spring.SqlSessionTemplate$SqlSessionInterceptor.invoke(SqlSessionTemplate.java:333) ~[mybatis-spring-3.0.5.jar:3.0.5]
	... 66 common frames omitted
Caused by: org.springframework.jdbc.CannotGetJdbcConnectionException: Failed to obtain JDBC Connection
	at org.springframework.jdbc.datasource.DataSourceUtils.getConnection(DataSourceUtils.java:84) ~[spring-jdbc-6.2.9.jar:6.2.9]
	at org.mybatis.spring.transaction.SpringManagedTransaction.openConnection(SpringManagedTransaction.java:77) ~[mybatis-spring-3.0.5.jar:3.0.5]
	at org.mybatis.spring.transaction.SpringManagedTransaction.getConnection(SpringManagedTransaction.java:64) ~[mybatis-spring-3.0.5.jar:3.0.5]
	at org.apache.ibatis.executor.BaseExecutor.getConnection(BaseExecutor.java:348) ~[mybatis-3.5.19.jar:3.5.19]
	at org.apache.ibatis.executor.SimpleExecutor.prepareStatement(SimpleExecutor.java:89) ~[mybatis-3.5.19.jar:3.5.19]
	at org.apache.ibatis.executor.SimpleExecutor.doQuery(SimpleExecutor.java:64) ~[mybatis-3.5.19.jar:3.5.19]
	at org.apache.ibatis.executor.BaseExecutor.queryFromDatabase(BaseExecutor.java:336) ~[mybatis-3.5.19.jar:3.5.19]
	at org.apache.ibatis.executor.BaseExecutor.query(BaseExecutor.java:158) ~[mybatis-3.5.19.jar:3.5.19]
	at org.apache.ibatis.executor.CachingExecutor.query(CachingExecutor.java:110) ~[mybatis-3.5.19.jar:3.5.19]
	at com.github.pagehelper.PageInterceptor.intercept(PageInterceptor.java:169) ~[pagehelper-6.1.0.jar:na]
	at org.apache.ibatis.plugin.Plugin.invoke(Plugin.java:59) ~[mybatis-3.5.19.jar:3.5.19]
	at jdk.proxy2/jdk.proxy2.$Proxy131.query(Unknown Source) ~[na:na]
	at org.apache.ibatis.session.defaults.DefaultSqlSession.selectList(DefaultSqlSession.java:154) ~[mybatis-3.5.19.jar:3.5.19]
	... 74 common frames omitted
Caused by: java.sql.SQLException: Access denied for user 'root'@'localhost' (using password: YES)
	at com.mysql.cj.jdbc.exceptions.SQLError.createSQLException(SQLError.java:121) ~[mysql-connector-j-9.3.0.jar:9.3.0]
	at com.mysql.cj.jdbc.exceptions.SQLExceptionsMapping.translateException(SQLExceptionsMapping.java:114) ~[mysql-connector-j-9.3.0.jar:9.3.0]
	at com.mysql.cj.jdbc.ConnectionImpl.createNewIO(ConnectionImpl.java:833) ~[mysql-connector-j-9.3.0.jar:9.3.0]
	at com.mysql.cj.jdbc.ConnectionImpl.<init>(ConnectionImpl.java:416) ~[mysql-connector-j-9.3.0.jar:9.3.0]
	at com.mysql.cj.jdbc.ConnectionImpl.getInstance(ConnectionImpl.java:238) ~[mysql-connector-j-9.3.0.jar:9.3.0]
	at com.mysql.cj.jdbc.NonRegisteringDriver.connect(NonRegisteringDriver.java:180) ~[mysql-connector-j-9.3.0.jar:9.3.0]
	at com.zaxxer.hikari.util.DriverDataSource.getConnection(DriverDataSource.java:144) ~[HikariCP-6.3.1.jar:na]
	at com.zaxxer.hikari.pool.PoolBase.newConnection(PoolBase.java:368) ~[HikariCP-6.3.1.jar:na]
	at com.zaxxer.hikari.pool.PoolBase.newPoolEntry(PoolBase.java:205) ~[HikariCP-6.3.1.jar:na]
	at com.zaxxer.hikari.pool.HikariPool.createPoolEntry(HikariPool.java:488) ~[HikariCP-6.3.1.jar:na]
	at com.zaxxer.hikari.pool.HikariPool.checkFailFast(HikariPool.java:576) ~[HikariCP-6.3.1.jar:na]
	at com.zaxxer.hikari.pool.HikariPool.<init>(HikariPool.java:97) ~[HikariCP-6.3.1.jar:na]
	at com.zaxxer.hikari.HikariDataSource.getConnection(HikariDataSource.java:111) ~[HikariCP-6.3.1.jar:na]
	at org.springframework.jdbc.datasource.DataSourceUtils.fetchConnection(DataSourceUtils.java:160) ~[spring-jdbc-6.2.9.jar:6.2.9]
	at org.springframework.jdbc.datasource.DataSourceUtils.doGetConnection(DataSourceUtils.java:118) ~[spring-jdbc-6.2.9.jar:6.2.9]
	at org.springframework.jdbc.datasource.DataSourceUtils.getConnection(DataSourceUtils.java:81) ~[spring-jdbc-6.2.9.jar:6.2.9]
	... 86 common frames omitted

[INFO] ------------------------------------------------------------------------
[INFO] BUILD FAILURE
[INFO] ------------------------------------------------------------------------
[INFO] Total time:  40.524 s
[INFO] Finished at: 2026-07-14T18:57:28+08:00
[INFO] ------------------------------------------------------------------------
[ERROR] Failed to execute goal org.springframework.boot:spring-boot-maven-plugin:3.5.4:run (default-cli) on project PMF: Process terminated with exit code: -1 -> [Help 1]
[ERROR] 
[ERROR] To see the full stack trace of the errors, re-run Maven with the -e switch.
[ERROR] Re-run Maven using the -X switch to enable full debug logging.
[ERROR] 
[ERROR] For more information about the errors and possible solutions, please read the following articles:
[ERROR] [Help 1] http://cwiki.apache.org/confluence/display/MAVEN/MojoExecutionException
